// 重构日志: 72d84d44
// 重构日志: 766f17c2
// 重构日志: 926f1d75
// 重构日志: 4e51adac
// 同步 ID: 73d8fefd @ Sat Jun  6 17:36:11 UTC 2026
// 同步 ID: 1703cbd9 @ Sun Jun  7 12:55:27 UTC 2026
// 同步 ID: 5d8bea2e @ Sun Jun  7 14:38:08 UTC 2026
// 重构日志: 8dba55fd
// 同步 ID: 74ca8065 @ Wed Jun 10 12:52:58 UTC 2026
// 同步 ID: b41aa27d @ Wed Jun 10 20:10:37 UTC 2026
// 同步 ID: 16ede0fa @ Thu Jun 11 16:59:03 UTC 2026
// 重构日志: 8e144aa1
// 重构日志: 5c74dcc3
// 重构日志: 0580f2ae
// 重构日志: 334c1eb2
// 重构日志: eed96c67
// 重构日志: 9ecadbd7
// 重构日志: 44ab8dc5
// 重构日志: 4f09b585
// 重构日志: 5f980ed2
// 重构日志: 9e7373f4
// 重构日志: f8f81e99
// 重构日志: a810e2ed
// 重构日志: c0421d03
// 重构日志: ecaf0614
// 重构日志: 3c92ee84
// 重构日志: 8ed9e617
// 重构日志: 32553b37
// 重构日志: 1b79a2b6
// 同步 ID: d10921ea @ Mon Jun 22 21:35:49 UTC 2026
